<?xml version="1.0" encoding="UTF-8"?>
<!-- Generated by org.testng.reporters.JUnitReportReporter -->
<testsuite hostname="SUDARSAN_PUHAN" failures="0" tests="1" name="com.iNetBanking.testCases.TC_AddNewAcount_006" time="23.788" errors="0" timestamp="2023-01-15T04:10:35 IST" skipped="0">
  <testcase classname="com.iNetBanking.testCases.TC_AddNewAcount_006" name="addAcount" time="23.788"/>
  <system-out/>
</testsuite> <!-- com.iNetBanking.testCases.TC_AddNewAcount_006 -->
