<?xml version="1.0" encoding="UTF-8"?>
<!-- Generated by org.testng.reporters.JUnitReportReporter -->
<testsuite hostname="SUDARSAN_PUHAN" failures="0" tests="1" name="com.iNetBanking.testCases.TC_DelCustomer_005" time="20.164" errors="0" timestamp="2023-01-15T03:15:30 IST" skipped="0">
  <testcase classname="com.iNetBanking.testCases.TC_DelCustomer_005" name="delCust" time="20.164"/>
  <system-out/>
</testsuite> <!-- com.iNetBanking.testCases.TC_DelCustomer_005 -->
