<?xml version="1.0" encoding="UTF-8"?>
<!-- Generated by org.testng.reporters.JUnitReportReporter -->
<testsuite hostname="SUDARSAN_PUHAN" failures="0" tests="1" name="com.iNetBanking.testCases.TC_AddCustomer_003" time="18.421" errors="0" timestamp="2023-01-14T23:22:11 IST" skipped="0">
  <testcase classname="com.iNetBanking.testCases.TC_AddCustomer_003" name="addNewCustomer" time="18.421"/>
  <system-out/>
</testsuite> <!-- com.iNetBanking.testCases.TC_AddCustomer_003 -->
