<?xml version="1.0" encoding="UTF-8"?>
<!-- Generated by org.testng.reporters.JUnitReportReporter -->
<testsuite hostname="DESKTOP-NO48J0P" failures="0" tests="1" name="com.iNetBanking.testCases.TC_AddCustomer_003" time="24.475" errors="0" timestamp="2022-11-01T19:36:49 IST" skipped="0">
  <testcase classname="com.iNetBanking.testCases.TC_AddCustomer_003" name="addNewCustomer" time="24.475"/>
  <system-out/>
</testsuite> <!-- com.iNetBanking.testCases.TC_AddCustomer_003 -->
