<?xml version="1.0" encoding="UTF-8"?>
<!-- Generated by org.testng.reporters.JUnitReportReporter -->
<testsuite hostname="SUDARSAN_PUHAN" failures="0" tests="1" name="com.iNetBanking.testCases.TC_LoginTest_001" time="2.494" errors="0" timestamp="2023-03-08T03:58:11 IST" skipped="0">
  <testcase classname="com.iNetBanking.testCases.TC_LoginTest_001" name="loginTest" time="2.494"/>
  <system-out/>
</testsuite> <!-- com.iNetBanking.testCases.TC_LoginTest_001 -->
