<?xml version="1.0" encoding="UTF-8"?>
<!-- Generated by org.testng.reporters.JUnitReportReporter -->
<testsuite hostname="SUDARSAN_PUHAN" failures="0" tests="1" name="com.iNetBanking.testCases.TC_EditCustomer_004" time="45.381" errors="0" timestamp="2023-01-15T01:38:56 IST" skipped="0">
  <testcase classname="com.iNetBanking.testCases.TC_EditCustomer_004" name="editCustomer" time="45.381"/>
  <system-out/>
</testsuite> <!-- com.iNetBanking.testCases.TC_EditCustomer_004 -->
